<?xml version="1.0" encoding="UTF-8"?>
<!-- Generated by org.testng.reporters.JUnitXMLReporter -->
<testsuite ignored="0" hostname="HP-Pavilion-GTX" failures="0" tests="3" name="Default test" time="63.0" errors="0" timestamp="2025-02-17T11:03:34 IST">
  <testcase classname="TutorialNinja.Cart" name="testCart" time="3.63"/>
  <testcase classname="TutorialNinja.Cart" name="testCart" time="2.906"/>
  <testcase classname="TutorialNinja.Cart" name="testCart" time="2.783"/>
</testsuite> <!-- Default test -->
