<?xml version="1.0" encoding="UTF-8"?>
<!-- Generated by org.testng.reporters.JUnitXMLReporter -->
<testsuite ignored="0" hostname="HP-Pavilion-GTX" failures="1" tests="1" name="Login Test" time="0.053" errors="0" timestamp="2025-02-16T07:24:26 IST">
  <testcase classname="TutorialNinja.Login" name="FormLogin" time="0.0">
    <failure type="java.lang.RuntimeException" message="java.io.FileNotFoundException: Login.xlxs (The system cannot find the file specified)">
      <![CDATA[java.lang.RuntimeException: java.io.FileNotFoundException: Login.xlxs (The system cannot find the file specified)
at java.base/java.util.ArrayList.forEach(ArrayList.java:1596)
at java.base/java.util.concurrent.FutureTask.run(FutureTask.java:317)
at java.base/java.util.concurrent.ThreadPoolExecutor.runWorker(ThreadPoolExecutor.java:1144)
at java.base/java.util.concurrent.ThreadPoolExecutor$Worker.run(ThreadPoolExecutor.java:642)
at java.base/java.lang.Thread.run(Thread.java:1583)
Caused by: java.io.FileNotFoundException: Login.xlxs (The system cannot find the file specified)
at java.base/java.io.FileInputStream.open0(Native Method)
at java.base/java.io.FileInputStream.open(FileInputStream.java:213)
at java.base/java.io.FileInputStream.<init>(FileInputStream.java:152)
at TutorialNinja.Login.getExcelData(Login.java:56)
at TutorialNinja.Login.loginDataProvider(Login.java:30)
... 19 more
... Removed 20 stack frames]]>
    </failure>
  </testcase> <!-- FormLogin -->
</testsuite> <!-- Login Test -->
